# JRE version: Java(TM) SE Runtime Environment (21.0.8+12) (build 21.0.8+12-LTS-250)
# Java VM: Java HotSpot(TM) 64-Bit Server VM (21.0.8+12-LTS-250, mixed mode, sharing, tiered, compressed oops, compressed class ptrs, g1 gc, windows-amd64)
GC Precious Log:
 CardTable entry size: 512
 Card Set container configuration: InlinePtr #cards 5 size 8 Array Of Cards #cards 12 size 40 Howl #buckets 4 coarsen threshold 1843 Howl Bitmap #cards 512 size 80 coarsen threshold 460 Card regions per heap region 1 cards per card region 2048
 CPUs: 4 total, 4 available
 Memory: 3518M
 Large Page Support: Disabled
 NUMA Support: Disabled
 Compressed Oops: Enabled (32-bit)
 Heap Region Size: 1M
 Heap Min Capacity: 8M
 Heap Initial Capacity: 56M
 Heap Max Capacity: 880M
 Pre-touch: Disabled
 Parallel Workers: 4
 Concurrent Workers: 1
 Concurrent Refinement Workers: 4
 Periodic GC: Disabled
Heap:
 garbage-first heap   total 68608K, used 43974K [0x00000000c9000000, 0x0000000100000000)
  region size 1024K, 17 young (17408K), 4 survivors (4096K)
 Metaspace       used 68027K, committed 68736K, reserved 1114112K
  class space    used 8961K, committed 9280K, reserved 1048576K
GC Heap History (20 events):
Event: 7.571 GC heap before
{Heap before GC invocations=6 (full 0):
 garbage-first heap   total 55296K, used 43037K [0x00000000c9000000, 0x0000000100000000)
  region size 1024K, 32 young (32768K), 3 survivors (3072K)
 Metaspace       used 24141K, committed 24640K, reserved 1114112K
  class space    used 2907K, committed 3136K, reserved 1048576K
}
Event: 7.583 GC heap after
{Heap after GC invocations=7 (full 0):
 garbage-first heap   total 55296K, used 18044K [0x00000000c9000000, 0x0000000100000000)
  region size 1024K, 4 young (4096K), 4 survivors (4096K)
 Metaspace       used 24141K, committed 24640K, reserved 1114112K
  class space    used 2907K, committed 3136K, reserved 1048576K
}
Event: 8.384 GC heap before
{Heap before GC invocations=7 (full 0):
 garbage-first heap   total 55296K, used 43644K [0x00000000c9000000, 0x0000000100000000)
  region size 1024K, 29 young (29696K), 4 survivors (4096K)
 Metaspace       used 26082K, committed 26560K, reserved 1114112K
  class space    used 3160K, committed 3392K, reserved 1048576K
}
Event: 8.399 GC heap after
{Heap after GC invocations=8 (full 0):
 garbage-first heap   total 55296K, used 19416K [0x00000000c9000000, 0x0000000100000000)
  region size 1024K, 2 young (2048K), 2 survivors (2048K)
 Metaspace       used 26082K, committed 26560K, reserved 1114112K
  class space    used 3160K, committed 3392K, reserved 1048576K
}
Event: 9.584 GC heap before
{Heap before GC invocations=8 (full 0):
 garbage-first heap   total 55296K, used 45016K [0x00000000c9000000, 0x0000000100000000)
  region size 1024K, 27 young (27648K), 2 survivors (2048K)
 Metaspace       used 29314K, committed 29824K, reserved 1114112K
  class space    used 3669K, committed 3904K, reserved 1048576K
}
Event: 9.596 GC heap after
{Heap after GC invocations=9 (full 0):
 garbage-first heap   total 55296K, used 21823K [0x00000000c9000000, 0x0000000100000000)
  region size 1024K, 4 young (4096K), 4 survivors (4096K)
 Metaspace       used 29314K, committed 29824K, reserved 1114112K
  class space    used 3669K, committed 3904K, reserved 1048576K
}
Event: 11.087 GC heap before
{Heap before GC invocations=9 (full 0):
 garbage-first heap   total 55296K, used 46399K [0x00000000c9000000, 0x0000000100000000)
  region size 1024K, 28 young (28672K), 4 survivors (4096K)
 Metaspace       used 33770K, committed 34368K, reserved 1114112K
  class space    used 4261K, committed 4544K, reserved 1048576K
}
Event: 11.100 GC heap after
{Heap after GC invocations=10 (full 0):
 garbage-first heap   total 55296K, used 24471K [0x00000000c9000000, 0x0000000100000000)
  region size 1024K, 3 young (3072K), 3 survivors (3072K)
 Metaspace       used 33770K, committed 34368K, reserved 1114112K
  class space    used 4261K, committed 4544K, reserved 1048576K
}
Event: 11.445 GC heap before
{Heap before GC invocations=10 (full 0):
 garbage-first heap   total 55296K, used 42903K [0x00000000c9000000, 0x0000000100000000)
  region size 1024K, 22 young (22528K), 3 survivors (3072K)
 Metaspace       used 35370K, committed 35968K, reserved 1114112K
  class space    used 4457K, committed 4736K, reserved 1048576K
}
Event: 11.451 GC heap after
{Heap after GC invocations=11 (full 0):
 garbage-first heap   total 55296K, used 25429K [0x00000000c9000000, 0x0000000100000000)
  region size 1024K, 1 young (1024K), 1 survivors (1024K)
 Metaspace       used 35370K, committed 35968K, reserved 1114112K
  class space    used 4457K, committed 4736K, reserved 1048576K
}
Event: 12.296 GC heap before
{Heap before GC invocations=12 (full 0):
 garbage-first heap   total 55296K, used 46933K [0x00000000c9000000, 0x0000000100000000)
  region size 1024K, 23 young (23552K), 1 survivors (1024K)
 Metaspace       used 40758K, committed 41408K, reserved 1114112K
  class space    used 5342K, committed 5632K, reserved 1048576K
}
Event: 12.300 GC heap after
{Heap after GC invocations=13 (full 0):
 garbage-first heap   total 55296K, used 26461K [0x00000000c9000000, 0x0000000100000000)
  region size 1024K, 2 young (2048K), 2 survivors (2048K)
 Metaspace       used 40758K, committed 41408K, reserved 1114112K
  class space    used 5342K, committed 5632K, reserved 1048576K
}
Event: 13.772 GC heap before
{Heap before GC invocations=13 (full 0):
 garbage-first heap   total 55296K, used 47965K [0x00000000c9000000, 0x0000000100000000)
  region size 1024K, 24 young (24576K), 2 survivors (2048K)
 Metaspace       used 50534K, committed 51200K, reserved 1114112K
  class space    used 6486K, committed 6784K, reserved 1048576K
}
Event: 13.783 GC heap after
{Heap after GC invocations=14 (full 0):
 garbage-first heap   total 55296K, used 28191K [0x00000000c9000000, 0x0000000100000000)
  region size 1024K, 3 young (3072K), 3 survivors (3072K)
 Metaspace       used 50534K, committed 51200K, reserved 1114112K
  class space    used 6486K, committed 6784K, reserved 1048576K
}
Event: 14.429 GC heap before
{Heap before GC invocations=14 (full 0):
 garbage-first heap   total 55296K, used 47647K [0x00000000c9000000, 0x0000000100000000)
  region size 1024K, 22 young (22528K), 3 survivors (3072K)
 Metaspace       used 54306K, committed 54912K, reserved 1114112K
  class space    used 6951K, committed 7232K, reserved 1048576K
}
Event: 14.435 GC heap after
{Heap after GC invocations=15 (full 0):
 garbage-first heap   total 55296K, used 29649K [0x00000000c9000000, 0x0000000100000000)
  region size 1024K, 2 young (2048K), 2 survivors (2048K)
 Metaspace       used 54306K, committed 54912K, reserved 1114112K
  class space    used 6951K, committed 7232K, reserved 1048576K
}
Event: 15.067 GC heap before
{Heap before GC invocations=16 (full 0):
 garbage-first heap   total 68608K, used 47057K [0x00000000c9000000, 0x0000000100000000)
  region size 1024K, 20 young (20480K), 2 survivors (2048K)
 Metaspace       used 58198K, committed 58816K, reserved 1114112K
  class space    used 7520K, committed 7808K, reserved 1048576K
}
Event: 15.070 GC heap after
{Heap after GC invocations=17 (full 0):
 garbage-first heap   total 68608K, used 29881K [0x00000000c9000000, 0x0000000100000000)
  region size 1024K, 2 young (2048K), 2 survivors (2048K)
 Metaspace       used 58198K, committed 58816K, reserved 1114112K
  class space    used 7520K, committed 7808K, reserved 1048576K
}
Event: 16.233 GC heap before
{Heap before GC invocations=17 (full 0):
 garbage-first heap   total 68608K, used 60601K [0x00000000c9000000, 0x0000000100000000)
  region size 1024K, 32 young (32768K), 2 survivors (2048K)
 Metaspace       used 65220K, committed 65856K, reserved 1114112K
  class space    used 8598K, committed 8896K, reserved 1048576K
}
Event: 16.240 GC heap after
{Heap after GC invocations=18 (full 0):
 garbage-first heap   total 68608K, used 31686K [0x00000000c9000000, 0x0000000100000000)
  region size 1024K, 4 young (4096K), 4 survivors (4096K)
 Metaspace       used 65220K, committed 65856K, reserved 1114112K
  class space    used 8598K, committed 8896K, reserved 1048576K
}

